<?xml version="1.0" encoding="UTF-8"?>
<testsuite xmlns:xsi="http://www.w3.org/2001/XMLSchema-instance" xsi:noNamespaceSchemaLocation="https://maven.apache.org/surefire/maven-surefire-plugin/xsd/surefire-test-report.xsd" version="3.0.2" name="com.eazybytes.loans.LoansApplicationTests" time="9.799" tests="1" errors="0" skipped="0" failures="0">
  <properties>
[...]
</properties>
  <testcase name="contextLoads" classname="com.eazybytes.loans.LoansApplicationTests" time="0.806">
    <system-out><![CDATA[22:22:27.218 [main] INFO org.springframework.test.context.support.AnnotationConfigContextLoaderUtils -- Could not detect default configuration classes for test class [com.eazybytes.loans.LoansApplicationTests]: LoansApplicationTests does not declare any static, non-private, non-final, nested classes annotated with @Configuration.
22:22:27.386 [main] INFO org.springframework.boot.test.context.SpringBootTestContextBootstrapper -- Found @SpringBootConfiguration com.eazybytes.loans.LoansApplication for test class com.eazybytes.loans.LoansApplicationTests
22:22:27.637 [main] INFO org.springframework.boot.devtools.restart.RestartApplicationListener -- Restart disabled due to context in which it is running

  .   ____          _            __ _ _
 /\\ / ___'_ __ _ _(_)_ __  __ _ \ \ \ \
( ( )\___ | '_ | '_| | '_ \/ _` | \ \ \ \
 \\/  ___)| |_)| | | | | || (_| |  ) ) ) )
  '  |____| .__|_| |_|_| |_\__, | / / / /
 =========|_|==============|___/=/_/_/_/

 :: Spring Boot ::                (v4.0.0)

2026-02-13T22:22:28.063+05:30  INFO 8968 --- [           main] c.eazybytes.loans.LoansApplicationTests  : Starting LoansApplicationTests using Java 17.0.18 with PID 8968 (started by Akash in D:\Learn Microservice in Udemy\GitCode\section4\loans)
2026-02-13T22:22:28.064+05:30  INFO 8968 --- [           main] c.eazybytes.loans.LoansApplicationTests  : No active profile set, falling back to 1 default profile: "default"
2026-02-13T22:22:29.847+05:30  INFO 8968 --- [           main] .s.d.r.c.RepositoryConfigurationDelegate : Bootstrapping Spring Data JPA repositories in DEFAULT mode.
2026-02-13T22:22:29.939+05:30  INFO 8968 --- [           main] .s.d.r.c.RepositoryConfigurationDelegate : Finished Spring Data repository scanning in 74 ms. Found 1 JPA repository interface.
2026-02-13T22:22:30.859+05:30  INFO 8968 --- [           main] com.zaxxer.hikari.HikariDataSource       : HikariPool-1 - Starting...
2026-02-13T22:22:31.157+05:30  INFO 8968 --- [           main] com.zaxxer.hikari.pool.HikariPool        : HikariPool-1 - Added connection conn0: url=jdbc:h2:mem:testdb user=SA
2026-02-13T22:22:31.157+05:30  INFO 8968 --- [           main] com.zaxxer.hikari.HikariDataSource       : HikariPool-1 - Start completed.
2026-02-13T22:22:31.404+05:30  INFO 8968 --- [           main] o.hibernate.jpa.internal.util.LogHelper  : HHH000204: Processing PersistenceUnitInfo [name: default]
2026-02-13T22:22:31.570+05:30  INFO 8968 --- [           main] org.hibernate.Version                    : HHH000412: Hibernate ORM core version 7.1.8.Final
2026-02-13T22:22:32.234+05:30  INFO 8968 --- [           main] o.s.o.j.p.SpringPersistenceUnitInfo      : No LoadTimeWeaver setup: ignoring JPA class transformer
2026-02-13T22:22:32.310+05:30  WARN 8968 --- [           main] org.hibernate.orm.deprecation            : HHH90000025: H2Dialect does not need to be specified explicitly using 'hibernate.dialect' (remove the property setting and it will be selected by default)
2026-02-13T22:22:32.331+05:30  INFO 8968 --- [           main] org.hibernate.orm.connections.pooling    : HHH10001005: Database info:
	Database JDBC URL [jdbc:h2:mem:testdb]
	Database driver: H2 JDBC Driver
	Database dialect: H2Dialect
	Database version: 2.4.240
	Default catalog/schema: TESTDB/PUBLIC
	Autocommit mode: undefined/unknown
	Isolation level: READ_COMMITTED [default READ_COMMITTED]
	JDBC fetch size: 100
	Pool: DatasourceConnectionProviderImpl
	Minimum pool size: undefined/unknown
	Maximum pool size: undefined/unknown
2026-02-13T22:22:33.267+05:30  INFO 8968 --- [           main] o.h.e.t.j.p.i.JtaPlatformInitiator       : HHH000489: No JTA platform available (set 'hibernate.transaction.jta.platform' to enable JTA platform integration)
Hibernate: alter table if exists loans alter column loan_id set data type bigint
Hibernate: alter table if exists loans alter column created_at set data type timestamp(6)
Hibernate: alter table if exists loans alter column created_by set data type varchar(255)
Hibernate: alter table if exists loans alter column updated_at set data type timestamp(6)
Hibernate: alter table if exists loans alter column updated_by set data type varchar(255)
Hibernate: alter table if exists loans alter column loan_number set data type varchar(255)
Hibernate: alter table if exists loans alter column loan_type set data type varchar(255)
Hibernate: alter table if exists loans alter column mobile_number set data type varchar(255)
2026-02-13T22:22:33.347+05:30  INFO 8968 --- [           main] j.LocalContainerEntityManagerFactoryBean : Initialized JPA EntityManagerFactory for persistence unit 'default'
2026-02-13T22:22:33.478+05:30  INFO 8968 --- [           main] o.s.d.j.r.query.QueryEnhancerFactories   : Hibernate is in classpath; If applicable, HQL parser will be used.
2026-02-13T22:22:34.248+05:30  WARN 8968 --- [           main] JpaBaseConfiguration$JpaWebConfiguration : spring.jpa.open-in-view is enabled by default. Therefore, database queries may be performed during view rendering. Explicitly configure spring.jpa.open-in-view to disable this warning
2026-02-13T22:22:35.371+05:30  INFO 8968 --- [           main] o.s.b.h.a.H2ConsoleAutoConfiguration     : H2 console available at '/h2-console'. Database available at 'jdbc:h2:mem:testdb'
2026-02-13T22:22:35.657+05:30  INFO 8968 --- [           main] o.s.b.a.e.web.EndpointLinksResolver      : Exposing 1 endpoint beneath base path '/actuator'
2026-02-13T22:22:35.805+05:30  INFO 8968 --- [           main] c.eazybytes.loans.LoansApplicationTests  : Started LoansApplicationTests in 8.191 seconds (process running for 10.215)
2026-02-13T22:22:35.883+05:30  WARN 8968 --- [           main] o.s.core.events.SpringDocAppInitializer  : SpringDoc /v3/api-docs endpoint is enabled by default. To disable it in production, set the property 'springdoc.api-docs.enabled=false'
2026-02-13T22:22:35.883+05:30  WARN 8968 --- [           main] o.s.core.events.SpringDocAppInitializer  : SpringDoc /swagger-ui.html endpoint is enabled by default. To disable it in production, set the property 'springdoc.swagger-ui.enabled=false'
]]></system-out>
  </testcase>
</testsuite>